
STARTED @ 22:45:26
[INFO] No /Applications/MAMP/htdocs/project_jmvc/build/styles/vars.json file found
malta v.1.0.11
[INFO] No /Applications/MAMP/htdocs/project_jmvc/build/styles/vars.json file found
malta v.1.0.11
[INFO] No /Applications/MAMP/htdocs/project_jmvc/build/documentation/vars.json file found
malta v.1.0.11
malta v.1.0.11
[22:45:27]
wrote /Applications/MAMP/htdocs/project_jmvc/media/css/core/api.css (3.27 KB)
in 6ms
----------------
watching 2 files
================

[22:45:27]
wrote /Applications/MAMP/htdocs/project_jmvc/media/css/core/jmvc.css (6.38 KB)
in 89ms
----------------
watching 2 files
================

[22:45:27]
wrote /Applications/MAMP/htdocs/project_jmvc/media/documentation.xml (85.40 KB)
in 29ms
------------------
watching 174 files
==================

[22:45:27]
wrote /Applications/MAMP/htdocs/project_jmvc/app/jmvc.js (189.62 KB)
wrote /Applications/MAMP/htdocs/project_jmvc/app/jmvc.min.js (45.75 KB)
in 862ms
-----------------
watching 35 files
=================


STARTED @ 17:20:51
[INFO] No /Applications/MAMP/htdocs/project_jmvc/build/styles/vars.json file found
[INFO] No /Applications/MAMP/htdocs/project_jmvc/build/styles/vars.json file found
[INFO] No /Applications/MAMP/htdocs/project_jmvc/build/documentation/vars.json file found
malta v.1.0.12
malta v.1.0.12
malta v.1.0.12
malta v.1.0.12
[17:20:52]
wrote /Applications/MAMP/htdocs/project_jmvc/media/css/core/api.css (3.27 KB)
in 5ms
----------------
watching 2 files
================

[17:20:52]
wrote /Applications/MAMP/htdocs/project_jmvc/media/css/core/jmvc.css (6.38 KB)
in 82ms
----------------
watching 2 files
================

[17:20:52]
wrote /Applications/MAMP/htdocs/project_jmvc/media/documentation.xml (85.40 KB)
in 35ms
------------------
watching 174 files
==================

[17:20:52]
wrote /Applications/MAMP/htdocs/project_jmvc/app/jmvc.js (189.62 KB)
wrote /Applications/MAMP/htdocs/project_jmvc/app/jmvc.min.js (45.75 KB)
in 972ms
-----------------
watching 35 files
=================

[17:21:1]
wrote /Applications/MAMP/htdocs/project_jmvc/app/jmvc.js (189.62 KB)
wrote /Applications/MAMP/htdocs/project_jmvc/app/jmvc.min.js (45.76 KB)
in 726ms
-----------------
watching 35 files
=================


STARTED @ 20:45:16
[INFO] No /Applications/MAMP/htdocs/project_jmvc/build/styles/vars.json file found
[INFO] No /Applications/MAMP/htdocs/project_jmvc/build/styles/vars.json file found
malta v.1.0.12
malta v.1.0.12
malta v.1.0.12
[INFO] No /Applications/MAMP/htdocs/project_jmvc/build/documentation/vars.json file found
malta v.1.0.12
[20:45:16]
wrote /Applications/MAMP/htdocs/project_jmvc/media/css/core/api.css (3.27 KB)
in 23ms
----------------
watching 2 files
================

[20:45:16]
wrote /Applications/MAMP/htdocs/project_jmvc/media/css/core/jmvc.css (6.38 KB)
in 83ms
----------------
watching 2 files
================

[20:45:17]
wrote /Applications/MAMP/htdocs/project_jmvc/media/documentation.xml (85.40 KB)
in 35ms
------------------
watching 174 files
==================

[20:45:16]
wrote /Applications/MAMP/htdocs/project_jmvc/app/jmvc.js (189.65 KB)
wrote /Applications/MAMP/htdocs/project_jmvc/app/jmvc.min.js (45.76 KB)
in 961ms
-----------------
watching 35 files
=================


STARTED @ 21:24:49
[INFO] No /Applications/MAMP/htdocs/project_jmvc/build/styles/vars.json file found
[INFO] No /Applications/MAMP/htdocs/project_jmvc/build/documentation/vars.json file found
malta v.1.0.13
malta v.1.0.13
[INFO] No /Applications/MAMP/htdocs/project_jmvc/build/styles/vars.json file found
malta v.1.0.13
malta v.1.0.13
[21:24:50]
wrote /Applications/MAMP/htdocs/project_jmvc/media/css/core/api.css (3.27 KB)
in 7ms
----------------
watching 2 files
================

[21:24:50]
wrote /Applications/MAMP/htdocs/project_jmvc/media/css/core/jmvc.css (6.38 KB)
in 90ms
----------------
watching 2 files
================

[21:24:50]
wrote /Applications/MAMP/htdocs/project_jmvc/media/documentation.xml (85.40 KB)
in 26ms
------------------
watching 174 files
==================

[21:24:50]
wrote /Applications/MAMP/htdocs/project_jmvc/app/jmvc.js (189.65 KB)
wrote /Applications/MAMP/htdocs/project_jmvc/app/jmvc.min.js (45.76 KB)
in 917ms
-----------------
watching 35 files
=================

[21:25:56]
wrote /Applications/MAMP/htdocs/project_jmvc/media/css/core/jmvc.css (6.38 KB)
in 41ms
----------------
watching 2 files
================


STARTED @ 21:53:54
[INFO] No /Applications/MAMP/htdocs/project_jmvc/build/styles/vars.json file found
malta v.1.0.13
malta v.1.0.13
[INFO] No /Applications/MAMP/htdocs/project_jmvc/build/documentation/vars.json file found
malta v.1.0.13
[INFO] No /Applications/MAMP/htdocs/project_jmvc/build/styles/vars.json file found
malta v.1.0.13
[21:53:55]
wrote /Applications/MAMP/htdocs/project_jmvc/media/css/core/api.css (3.27 KB)
in 5ms
----------------
watching 2 files
================

[21:53:55]
wrote /Applications/MAMP/htdocs/project_jmvc/media/css/core/jmvc.css (6.38 KB)
in 91ms
----------------
watching 2 files
================

[21:53:55]
wrote /Applications/MAMP/htdocs/project_jmvc/media/documentation.xml (85.40 KB)
in 28ms
------------------
watching 174 files
==================

[21:53:55]
wrote /Applications/MAMP/htdocs/project_jmvc/app/jmvc.js (189.65 KB)
wrote /Applications/MAMP/htdocs/project_jmvc/app/jmvc.min.js (45.76 KB)
in 917ms
-----------------
watching 35 files
=================

[21:55:12]
wrote /Applications/MAMP/htdocs/project_jmvc/app/jmvc.js (189.64 KB)
wrote /Applications/MAMP/htdocs/project_jmvc/app/jmvc.min.js (45.76 KB)
in 651ms
-----------------
watching 35 files
=================

[22:11:14]
wrote /Applications/MAMP/htdocs/project_jmvc/app/jmvc.js (189.65 KB)
wrote /Applications/MAMP/htdocs/project_jmvc/app/jmvc.min.js (45.76 KB)
in 630ms
-----------------
watching 35 files
=================

[22:11:29]
wrote /Applications/MAMP/htdocs/project_jmvc/app/jmvc.js (189.65 KB)
wrote /Applications/MAMP/htdocs/project_jmvc/app/jmvc.min.js (45.76 KB)
in 646ms
-----------------
watching 35 files
=================

[22:11:47]
wrote /Applications/MAMP/htdocs/project_jmvc/app/jmvc.js (189.65 KB)
wrote /Applications/MAMP/htdocs/project_jmvc/app/jmvc.min.js (45.76 KB)
in 587ms
-----------------
watching 35 files
=================

[22:43:26]
wrote /Applications/MAMP/htdocs/project_jmvc/app/jmvc.js (189.66 KB)
wrote /Applications/MAMP/htdocs/project_jmvc/app/jmvc.min.js (45.76 KB)
in 769ms
-----------------
watching 35 files
=================

[22:44:21]
wrote /Applications/MAMP/htdocs/project_jmvc/app/jmvc.js (189.66 KB)
wrote /Applications/MAMP/htdocs/project_jmvc/app/jmvc.min.js (45.76 KB)
in 812ms
-----------------
watching 35 files
=================

[0:20:26]
wrote /Applications/MAMP/htdocs/project_jmvc/app/jmvc.js (189.66 KB)
wrote /Applications/MAMP/htdocs/project_jmvc/app/jmvc.min.js (45.76 KB)
in 986ms
-----------------
watching 35 files
=================


STARTED @ 01:28:07
[INFO] No /Applications/MAMP/htdocs/project_jmvc/build/styles/vars.json file found
[INFO] No /Applications/MAMP/htdocs/project_jmvc/build/documentation/vars.json file found
malta v.1.0.13
malta v.1.0.13
malta v.1.0.13
[INFO] No /Applications/MAMP/htdocs/project_jmvc/build/styles/vars.json file found
malta v.1.0.13
[1:28:7]
wrote /Applications/MAMP/htdocs/project_jmvc/media/css/core/api.css (3.27 KB)
in 35ms
----------------
watching 2 files
================

[1:28:7]
wrote /Applications/MAMP/htdocs/project_jmvc/media/css/core/jmvc.css (6.38 KB)
in 77ms
----------------
watching 2 files
================

[1:28:8]
wrote /Applications/MAMP/htdocs/project_jmvc/media/documentation.xml (85.40 KB)
in 35ms
------------------
watching 174 files
==================

[1:28:7]
wrote /Applications/MAMP/htdocs/project_jmvc/app/jmvc.js (189.65 KB)
wrote /Applications/MAMP/htdocs/project_jmvc/app/jmvc.min.js (45.76 KB)
in 908ms
-----------------
watching 35 files
=================


STARTED @ 01:28:11
[INFO] No /Applications/MAMP/htdocs/project_jmvc/build/documentation/vars.json file found
malta v.1.0.13
[INFO] No /Applications/MAMP/htdocs/project_jmvc/build/styles/vars.json file found
malta v.1.0.13
malta v.1.0.13
[INFO] No /Applications/MAMP/htdocs/project_jmvc/build/styles/vars.json file found
malta v.1.0.13
[1:28:11]
wrote /Applications/MAMP/htdocs/project_jmvc/media/css/core/api.css (3.27 KB)
in 5ms
----------------
watching 2 files
================

[1:28:11]
wrote /Applications/MAMP/htdocs/project_jmvc/media/css/core/jmvc.css (6.38 KB)
in 89ms
----------------
watching 2 files
================

[1:28:11]
wrote /Applications/MAMP/htdocs/project_jmvc/media/documentation.xml (85.40 KB)
in 27ms
------------------
watching 174 files
==================

[1:28:11]
wrote /Applications/MAMP/htdocs/project_jmvc/app/jmvc.js (189.66 KB)
wrote /Applications/MAMP/htdocs/project_jmvc/app/jmvc.min.js (45.76 KB)
in 847ms
-----------------
watching 35 files
=================


STARTED @ 17:42:31
[INFO] No /Applications/MAMP/htdocs/project_jmvc/build/styles/vars.json file found
[INFO] No /Applications/MAMP/htdocs/project_jmvc/build/styles/vars.json file found
[INFO] No /Applications/MAMP/htdocs/project_jmvc/build/documentation/vars.json file found
malta v.1.0.13
malta v.1.0.13
malta v.1.0.13
malta v.1.0.13
[17:42:31]
wrote /Applications/MAMP/htdocs/project_jmvc/media/css/core/api.css (3.27 KB)
in 30ms
----------------
watching 2 files
================

[17:42:31]
wrote /Applications/MAMP/htdocs/project_jmvc/media/css/core/jmvc.css (6.38 KB)
in 86ms
----------------
watching 2 files
================

[17:42:32]
wrote /Applications/MAMP/htdocs/project_jmvc/media/documentation.xml (85.40 KB)
in 37ms
------------------
watching 174 files
==================

[17:42:31]
wrote /Applications/MAMP/htdocs/project_jmvc/app/jmvc.js (189.66 KB)
wrote /Applications/MAMP/htdocs/project_jmvc/app/jmvc.min.js (45.76 KB)
in 940ms
-----------------
watching 35 files
=================

ENDED @ 17:43:36 
=================================
=================================
=================================

STARTED @ 18:28:48
[INFO] No /Applications/MAMP/htdocs/project_jmvc/build/styles/vars.json file found
[INFO] No /Applications/MAMP/htdocs/project_jmvc/build/styles/vars.json file found
malta v.1.0.13
malta v.1.0.13
[INFO] No /Applications/MAMP/htdocs/project_jmvc/build/documentation/vars.json file found
malta v.1.0.13
malta v.1.0.13
[18:28:49]
wrote /Applications/MAMP/htdocs/project_jmvc/media/css/core/api.css (3.27 KB)
in 6ms
----------------
watching 2 files
================

[18:28:49]
wrote /Applications/MAMP/htdocs/project_jmvc/media/css/core/jmvc.css (6.38 KB)
in 92ms
----------------
watching 2 files
================

[18:28:49]
wrote /Applications/MAMP/htdocs/project_jmvc/media/documentation.xml (85.40 KB)
in 26ms
------------------
watching 174 files
==================

[18:28:49]
wrote /Applications/MAMP/htdocs/project_jmvc/app/jmvc.js (189.66 KB)
wrote /Applications/MAMP/htdocs/project_jmvc/app/jmvc.min.js (45.76 KB)
in 919ms
-----------------
watching 35 files
=================

ENDED @ 23:46:11 
=================================
=================================
=================================
ENDED @ 23:46:36 
=================================
=================================
=================================

STARTED @ 23:46:39
[INFO] No /Applications/MAMP/htdocs/project_jmvc/build/styles/vars.json file found
[INFO] No /Applications/MAMP/htdocs/project_jmvc/build/styles/vars.json file found
malta v.1.0.13
[INFO] No /Applications/MAMP/htdocs/project_jmvc/build/documentation/vars.json file found
malta v.1.0.13
malta v.1.0.13
malta v.1.0.13
Build: undefined
[23:46:39]
wrote /Applications/MAMP/htdocs/project_jmvc/media/css/core/api.css (3.27 KB)
in 17ms
----------------
watching 2 files
================

Build: undefined
[23:46:40]
wrote /Applications/MAMP/htdocs/project_jmvc/media/css/core/jmvc.css (6.38 KB)
in 76ms
----------------
watching 2 files
================

Build: undefined
[23:46:40]
wrote /Applications/MAMP/htdocs/project_jmvc/media/documentation.xml (85.40 KB)
in 34ms
------------------
watching 174 files
==================

Build: undefined
[23:46:40]
wrote /Applications/MAMP/htdocs/project_jmvc/app/jmvc.js (189.66 KB)
wrote /Applications/MAMP/htdocs/project_jmvc/app/jmvc.min.js (45.76 KB)
in 915ms
-----------------
watching 35 files
=================


STARTED @ 23:47:19
[INFO] No /Applications/MAMP/htdocs/project_jmvc/build/documentation/vars.json file found
malta v.1.0.13
[INFO] No /Applications/MAMP/htdocs/project_jmvc/build/styles/vars.json file found
malta v.1.0.13
[INFO] No /Applications/MAMP/htdocs/project_jmvc/build/styles/vars.json file found
malta v.1.0.13
malta v.1.0.13
Build: undefined
[23:47:20]
wrote /Applications/MAMP/htdocs/project_jmvc/media/css/core/api.css (3.27 KB)
in 8ms
----------------
watching 2 files
================

Build: undefined
[23:47:20]
wrote /Applications/MAMP/htdocs/project_jmvc/media/css/core/jmvc.css (6.38 KB)
in 89ms
----------------
watching 2 files
================

Build: undefined
[23:47:20]
wrote /Applications/MAMP/htdocs/project_jmvc/media/documentation.xml (85.40 KB)
in 32ms
------------------
watching 174 files
==================

Build: undefined
[23:47:20]
wrote /Applications/MAMP/htdocs/project_jmvc/app/jmvc.js (189.66 KB)
wrote /Applications/MAMP/htdocs/project_jmvc/app/jmvc.min.js (45.76 KB)
in 877ms
-----------------
watching 35 files
=================


STARTED @ 23:47:43
[INFO] No /Applications/MAMP/htdocs/project_jmvc/build/styles/vars.json file found
malta v.1.0.13
[INFO] No /Applications/MAMP/htdocs/project_jmvc/build/styles/vars.json file found
malta v.1.0.13
[INFO] No /Applications/MAMP/htdocs/project_jmvc/build/documentation/vars.json file found
malta v.1.0.13
Build: 9
[23:47:44]
wrote /Applications/MAMP/htdocs/project_jmvc/media/css/core/api.css (3.27 KB)
in 6ms
----------------
watching 2 files
================

malta v.1.0.13
Build: 10
[23:47:44]
wrote /Applications/MAMP/htdocs/project_jmvc/media/css/core/jmvc.css (6.38 KB)
in 95ms
----------------
watching 2 files
================

Build: 9
[23:47:44]
wrote /Applications/MAMP/htdocs/project_jmvc/media/documentation.xml (85.40 KB)
in 31ms
------------------
watching 174 files
==================

Build: 450
[23:47:44]
wrote /Applications/MAMP/htdocs/project_jmvc/app/jmvc.js (189.66 KB)
wrote /Applications/MAMP/htdocs/project_jmvc/app/jmvc.min.js (45.76 KB)
in 857ms
-----------------
watching 35 files
=================

ENDED @ 23:49:04 
=================================
=================================
=================================

STARTED @ 23:49:05
[INFO] No /Applications/MAMP/htdocs/project_jmvc/build/styles/vars.json file found
[INFO] No /Applications/MAMP/htdocs/project_jmvc/build/styles/vars.json file found
malta v.1.0.13
malta v.1.0.13
malta v.1.0.13
Build: 10s @[23:49:5]
wrote /Applications/MAMP/htdocs/project_jmvc/media/css/core/api.css (3.27 KB)
in 6ms
----------------
watching 2 files
================

[INFO] No /Applications/MAMP/htdocs/project_jmvc/build/documentation/vars.json file found
malta v.1.0.13
Build: 11s @[23:49:5]
wrote /Applications/MAMP/htdocs/project_jmvc/media/css/core/jmvc.css (6.38 KB)
in 96ms
----------------
watching 2 files
================

Build: 10s @[23:49:6]
wrote /Applications/MAMP/htdocs/project_jmvc/media/documentation.xml (85.40 KB)
in 32ms
------------------
watching 174 files
==================

Build: 451s @[23:49:5]
wrote /Applications/MAMP/htdocs/project_jmvc/app/jmvc.js (189.66 KB)
wrote /Applications/MAMP/htdocs/project_jmvc/app/jmvc.min.js (45.76 KB)
in 911ms
-----------------
watching 35 files
=================

ENDED @ 23:49:23 
=================================
=================================
=================================

STARTED @ 23:49:24
[INFO] No /Applications/MAMP/htdocs/project_jmvc/build/styles/vars.json file found
malta v.1.0.13
[INFO] No /Applications/MAMP/htdocs/project_jmvc/build/styles/vars.json file found
malta v.1.0.13
malta v.1.0.13
[INFO] No /Applications/MAMP/htdocs/project_jmvc/build/documentation/vars.json file found
malta v.1.0.13
Build: 11 @[23:49:25]
wrote /Applications/MAMP/htdocs/project_jmvc/media/css/core/api.css (3.27 KB)
in 6ms
----------------
watching 2 files
================

Build: 12 @[23:49:25]
wrote /Applications/MAMP/htdocs/project_jmvc/media/css/core/jmvc.css (6.38 KB)
in 93ms
----------------
watching 2 files
================

Build: 11 @[23:49:25]
wrote /Applications/MAMP/htdocs/project_jmvc/media/documentation.xml (85.40 KB)
in 27ms
------------------
watching 174 files
==================

Build: 452 @[23:49:25]
wrote /Applications/MAMP/htdocs/project_jmvc/app/jmvc.js (189.66 KB)
wrote /Applications/MAMP/htdocs/project_jmvc/app/jmvc.min.js (45.76 KB)
in 895ms
-----------------
watching 35 files
=================

ENDED @ 23:51:25 
=================================
=================================
=================================

STARTED @ 23:51:31
[INFO] No /Applications/MAMP/htdocs/project_jmvc/build/styles/vars.json file found
malta v.1.0.13
malta v.1.0.13
[INFO] No /Applications/MAMP/htdocs/project_jmvc/build/styles/vars.json file found
malta v.1.0.13
[INFO] No /Applications/MAMP/htdocs/project_jmvc/build/documentation/vars.json file found
malta v.1.0.13
Build 12 @ 23:51:31
wrote /Applications/MAMP/htdocs/project_jmvc/media/css/core/api.css (3.27 KB)
in 5ms
----------------
watching 2 files
================

Build 13 @ 23:51:31
wrote /Applications/MAMP/htdocs/project_jmvc/media/css/core/jmvc.css (6.38 KB)
in 96ms
----------------
watching 2 files
================

Build 12 @ 23:51:31
wrote /Applications/MAMP/htdocs/project_jmvc/media/documentation.xml (85.40 KB)
in 29ms
------------------
watching 174 files
==================

Build 453 @ 23:51:31
wrote /Applications/MAMP/htdocs/project_jmvc/app/jmvc.js (189.66 KB)
wrote /Applications/MAMP/htdocs/project_jmvc/app/jmvc.min.js (45.76 KB)
in 881ms
-----------------
watching 35 files
=================

ENDED @ 00:28:51 
=================================
=================================
=================================

STARTED @ 17:39:26
[INFO] No /Applications/MAMP/htdocs/project_jmvc/build/documentation/vars.json file found
[INFO] No /Applications/MAMP/htdocs/project_jmvc/build/styles/vars.json file found
[INFO] No /Applications/MAMP/htdocs/project_jmvc/build/styles/vars.json file found
malta v.1.0.13
malta v.1.0.13
malta v.1.0.13
malta v.1.0.13
Build 13 @ 17:39:26
wrote /Applications/MAMP/htdocs/project_jmvc/media/css/core/api.css (3.27 KB)
in 4ms
----------------
watching 2 files
================

Build 14 @ 17:39:27
wrote /Applications/MAMP/htdocs/project_jmvc/media/css/core/jmvc.css (6.38 KB)
in 91ms
----------------
watching 2 files
================

Build 13 @ 17:39:27
wrote /Applications/MAMP/htdocs/project_jmvc/media/documentation.xml (85.40 KB)
in 32ms
------------------
watching 174 files
==================

Build 454 @ 17:39:27
wrote /Applications/MAMP/htdocs/project_jmvc/app/jmvc.js (189.91 KB)
wrote /Applications/MAMP/htdocs/project_jmvc/app/jmvc.min.js (45.90 KB)
in 843ms
-----------------
watching 35 files
=================

Build 455 @ 17:41:20
wrote /Applications/MAMP/htdocs/project_jmvc/app/jmvc.js (189.96 KB)
wrote /Applications/MAMP/htdocs/project_jmvc/app/jmvc.min.js (45.95 KB)
in 859ms
-----------------
watching 35 files
=================

Build 456 @ 17:42:5
wrote /Applications/MAMP/htdocs/project_jmvc/app/jmvc.js (189.96 KB)
wrote /Applications/MAMP/htdocs/project_jmvc/app/jmvc.min.js (45.95 KB)
in 807ms
-----------------
watching 35 files
=================

Build 457 @ 17:48:1
wrote /Applications/MAMP/htdocs/project_jmvc/app/jmvc.js (189.96 KB)
wrote /Applications/MAMP/htdocs/project_jmvc/app/jmvc.min.js (45.95 KB)
in 851ms
-----------------
watching 35 files
=================

Build 458 @ 17:48:2
wrote /Applications/MAMP/htdocs/project_jmvc/app/jmvc.js (189.96 KB)
wrote /Applications/MAMP/htdocs/project_jmvc/app/jmvc.min.js (45.95 KB)
in 677ms
-----------------
watching 35 files
=================

Build 459 @ 17:49:19
wrote /Applications/MAMP/htdocs/project_jmvc/app/jmvc.js (189.97 KB)
wrote /Applications/MAMP/htdocs/project_jmvc/app/jmvc.min.js (45.96 KB)
in 715ms
-----------------
watching 35 files
=================

[PARSE ERROR: uglify] Unexpected token punc «;», expected punc «)» @5008 maybe on /Applications/MAMP/htdocs/project_jmvc/build/src/modules/num.js
[WARN: Minified version skipped]
Build 460 @ 17:58:45
wrote /Applications/MAMP/htdocs/project_jmvc/app/jmvc.js (190.02 KB)
in 129ms
-----------------
watching 35 files
=================

[PARSE ERROR: uglify] Unexpected token punc «;», expected punc «)» @5008 maybe on /Applications/MAMP/htdocs/project_jmvc/build/src/modules/num.js
[WARN: Minified version skipped]
Build 461 @ 17:59:6
wrote /Applications/MAMP/htdocs/project_jmvc/app/jmvc.js (190.02 KB)
in 114ms
-----------------
watching 35 files
=================

[PARSE ERROR: uglify] Unexpected token: keyword (return) @5008 maybe on /Applications/MAMP/htdocs/project_jmvc/build/src/modules/num.js
[WARN: Minified version skipped]
Build 462 @ 17:59:9
wrote /Applications/MAMP/htdocs/project_jmvc/app/jmvc.js (190.03 KB)
in 138ms
-----------------
watching 35 files
=================

[PARSE ERROR: uglify] Unexpected token: keyword (return) @5008 maybe on /Applications/MAMP/htdocs/project_jmvc/build/src/modules/num.js
[WARN: Minified version skipped]
Build 463 @ 18:0:2
wrote /Applications/MAMP/htdocs/project_jmvc/app/jmvc.js (190.03 KB)
in 148ms
-----------------
watching 35 files
=================

[PARSE ERROR: uglify] Unexpected token: keyword (return) @5008 maybe on /Applications/MAMP/htdocs/project_jmvc/build/src/modules/num.js
[WARN: Minified version skipped]
Build 464 @ 18:0:9
wrote /Applications/MAMP/htdocs/project_jmvc/app/jmvc.js (190.03 KB)
in 100ms
-----------------
watching 35 files
=================

[PARSE ERROR: uglify] Unexpected token: keyword (return) @5008 maybe on /Applications/MAMP/htdocs/project_jmvc/build/src/modules/num.js
[WARN: Minified version skipped]
Build 465 @ 18:0:40
wrote /Applications/MAMP/htdocs/project_jmvc/app/jmvc.js (190.03 KB)
in 113ms
-----------------
watching 35 files
=================

Build 466 @ 18:0:57
wrote /Applications/MAMP/htdocs/project_jmvc/app/jmvc.js (190.03 KB)
wrote /Applications/MAMP/htdocs/project_jmvc/app/jmvc.min.js (45.97 KB)
in 631ms
-----------------
watching 35 files
=================

Build 467 @ 18:1:12
wrote /Applications/MAMP/htdocs/project_jmvc/app/jmvc.js (190.03 KB)
wrote /Applications/MAMP/htdocs/project_jmvc/app/jmvc.min.js (45.98 KB)
in 682ms
-----------------
watching 35 files
=================

Build 468 @ 18:1:27
wrote /Applications/MAMP/htdocs/project_jmvc/app/jmvc.js (190.02 KB)
wrote /Applications/MAMP/htdocs/project_jmvc/app/jmvc.min.js (45.97 KB)
in 609ms
-----------------
watching 35 files
=================

Build 469 @ 18:1:48
wrote /Applications/MAMP/htdocs/project_jmvc/app/jmvc.js (190.01 KB)
wrote /Applications/MAMP/htdocs/project_jmvc/app/jmvc.min.js (45.97 KB)
in 612ms
-----------------
watching 35 files
=================

Build 470 @ 18:1:51
wrote /Applications/MAMP/htdocs/project_jmvc/app/jmvc.js (190.01 KB)
wrote /Applications/MAMP/htdocs/project_jmvc/app/jmvc.min.js (45.97 KB)
in 620ms
-----------------
watching 35 files
=================

Build 471 @ 18:2:25
wrote /Applications/MAMP/htdocs/project_jmvc/app/jmvc.js (190.06 KB)
wrote /Applications/MAMP/htdocs/project_jmvc/app/jmvc.min.js (45.96 KB)
in 610ms
-----------------
watching 35 files
=================

Build 472 @ 18:2:47
wrote /Applications/MAMP/htdocs/project_jmvc/app/jmvc.js (190.06 KB)
wrote /Applications/MAMP/htdocs/project_jmvc/app/jmvc.min.js (45.96 KB)
in 816ms
-----------------
watching 35 files
=================

Build 473 @ 18:3:41
wrote /Applications/MAMP/htdocs/project_jmvc/app/jmvc.js (190.08 KB)
wrote /Applications/MAMP/htdocs/project_jmvc/app/jmvc.min.js (45.96 KB)
in 813ms
-----------------
watching 35 files
=================

Build 474 @ 18:4:25
wrote /Applications/MAMP/htdocs/project_jmvc/app/jmvc.js (190.08 KB)
wrote /Applications/MAMP/htdocs/project_jmvc/app/jmvc.min.js (45.97 KB)
in 749ms
-----------------
watching 35 files
=================

Build 475 @ 18:4:56
wrote /Applications/MAMP/htdocs/project_jmvc/app/jmvc.js (190.08 KB)
wrote /Applications/MAMP/htdocs/project_jmvc/app/jmvc.min.js (45.97 KB)
in 580ms
-----------------
watching 35 files
=================

ENDED @ 18:05:10 
=================================
=================================
=================================

STARTED @ 09:34:41
[INFO] No /Applications/MAMP/htdocs/project_jmvc/build/documentation/vars.json file found
malta v.1.0.13
[INFO] No /Applications/MAMP/htdocs/project_jmvc/build/styles/vars.json file found
malta v.1.0.13
malta v.1.0.13
[INFO] No /Applications/MAMP/htdocs/project_jmvc/build/styles/vars.json file found
malta v.1.0.13
Build 14 @ 9:34:42
wrote /Applications/MAMP/htdocs/project_jmvc/media/css/core/api.css (3.27 KB)
in 5ms
----------------
watching 2 files
================

Build 15 @ 9:34:42
wrote /Applications/MAMP/htdocs/project_jmvc/media/css/core/jmvc.css (6.38 KB)
in 75ms
----------------
watching 2 files
================

Build 14 @ 9:34:42
wrote /Applications/MAMP/htdocs/project_jmvc/media/documentation.xml (85.40 KB)
in 30ms
------------------
watching 174 files
==================

Build 476 @ 9:34:42
wrote /Applications/MAMP/htdocs/project_jmvc/app/jmvc.js (190.06 KB)
wrote /Applications/MAMP/htdocs/project_jmvc/app/jmvc.min.js (45.97 KB)
in 934ms
-----------------
watching 35 files
=================

Build 477 @ 9:35:10
wrote /Applications/MAMP/htdocs/project_jmvc/app/jmvc.js (189.77 KB)
wrote /Applications/MAMP/htdocs/project_jmvc/app/jmvc.min.js (45.99 KB)
in 673ms
-----------------
watching 35 files
=================

